<?xml version="1.0" encoding="UTF-8"?>
<testsuite name="Cucumber" time="654.17" tests="10" skipped="0" failures="9" errors="0">
<testcase classname="coupon-page" name="Verify availability of coupons" time="70.475">
<system-out><![CDATA[
And User clicks on coupon button............................................passed
Then the coupon page should open............................................passed
And User verify coupon is displayed.........................................passed
]]></system-out>
</testcase>
<testcase classname="home-page" name="Verify Amazon Logo is displyaed" time="38.535">
<failure type="java.lang.NullPointerException" message="Cannot invoke &quot;org.openqa.selenium.WebElement.isDisplayed()&quot; because &quot;this.Logo&quot; is null">
<![CDATA[java.lang.NullPointerException: Cannot invoke "org.openqa.selenium.WebElement.isDisplayed()" because "this.Logo" is null
	at pageobjects.HomePO.LogoDisplayed(HomePO.java:55)
	at stepdefinations.homepage.user_verify_amazon_logo_is_displayed(homepage.java:18)
	at ✽.User verify Amazon Logo is displyaed(file:///C:/Users/visit/eclipse-workspace/AmazonCucumberProject/src/test/java/feature/homepage.feature:5)
]]>
</failure>
<system-out><![CDATA[
Then User verify Amazon Logo is displyaed...................................failed
]]></system-out>
</testcase>
<testcase classname="home-page" name="Verify Navigation Bar is Displayed" time="77.617">
<failure type="java.lang.NullPointerException" message="Cannot invoke &quot;org.openqa.selenium.WebElement.isDisplayed()&quot; because &quot;this.NavigationBar&quot; is null">
<![CDATA[java.lang.NullPointerException: Cannot invoke "org.openqa.selenium.WebElement.isDisplayed()" because "this.NavigationBar" is null
	at pageobjects.HomePO.navigationBarDisplayed(HomePO.java:44)
	at stepdefinations.homepage.user_verify_navigation_bar_is_displayed(homepage.java:24)
	at ✽.User verify Navigation Bar is Displayed(file:///C:/Users/visit/eclipse-workspace/AmazonCucumberProject/src/test/java/feature/homepage.feature:8)
]]>
</failure>
<system-out><![CDATA[
Then User verify Navigation Bar is Displayed................................failed
]]></system-out>
</testcase>
<testcase classname="home-page" name="Verify Sign-In button is Displayed" time="80.698">
<failure type="java.lang.NullPointerException" message="Cannot invoke &quot;org.openqa.selenium.WebElement.isDisplayed()&quot; because &quot;this.SignInButton&quot; is null">
<![CDATA[java.lang.NullPointerException: Cannot invoke "org.openqa.selenium.WebElement.isDisplayed()" because "this.SignInButton" is null
	at pageobjects.HomePO.SignInButtonDisplayed(HomePO.java:60)
	at stepdefinations.homepage.user_verify_sign_in_button_is_displayed(homepage.java:29)
	at ✽.User verify Sign-In button is Displayed(file:///C:/Users/visit/eclipse-workspace/AmazonCucumberProject/src/test/java/feature/homepage.feature:11)
]]>
</failure>
<system-out><![CDATA[
Then User verify Sign-In button is Displayed................................failed
]]></system-out>
</testcase>
<testcase classname="home-page" name="Verify Shopping Cart is Displayed" time="23.223">
<failure type="java.lang.NullPointerException" message="Cannot invoke &quot;org.openqa.selenium.WebElement.click()&quot; because &quot;this.ShoppingCart&quot; is null">
<![CDATA[java.lang.NullPointerException: Cannot invoke "org.openqa.selenium.WebElement.click()" because "this.ShoppingCart" is null
	at pageobjects.HomePO.ShoppingCartDisplayed(HomePO.java:49)
	at stepdefinations.homepage.user_verify_shopping_cart_is_displayed(homepage.java:34)
	at ✽.User verify Shopping Cart is Displayed(file:///C:/Users/visit/eclipse-workspace/AmazonCucumberProject/src/test/java/feature/homepage.feature:14)
]]>
</failure>
<system-out><![CDATA[
Then User verify Shopping Cart is Displayed.................................failed
]]></system-out>
</testcase>
<testcase classname="home-page" name="Search for a Product and Display Product List" time="55.208">
<failure type="java.lang.NullPointerException" message="Cannot invoke &quot;org.openqa.selenium.WebElement.sendKeys(java.lang.CharSequence[])&quot; because &quot;this.SearchBoxField&quot; is null">
<![CDATA[java.lang.NullPointerException: Cannot invoke "org.openqa.selenium.WebElement.sendKeys(java.lang.CharSequence[])" because "this.SearchBoxField" is null
	at pageobjects.HomePO.EnterProductNameInSearchField(HomePO.java:64)
	at stepdefinations.homepage.user_enters_product_name_in_search_field(homepage.java:40)
	at ✽.User enters product name "T-Shirt" in search field(file:///C:/Users/visit/eclipse-workspace/AmazonCucumberProject/src/test/java/feature/homepage.feature:17)
]]>
</failure>
<system-out><![CDATA[
When User enters product name "T-Shirt" in search field.....................failed
And User click on search button.............................................skipped
And the search page should display a list of product matching the search criteria.skipped
]]></system-out>
</testcase>
<testcase classname="product-search" name="verify functionality of searching and adding item to the cart" time="108.601">
<failure type="java.lang.NullPointerException" message="Cannot invoke &quot;org.openqa.selenium.WebElement.sendKeys(java.lang.CharSequence[])&quot; because &quot;this.SearchBoxField&quot; is null">
<![CDATA[java.lang.NullPointerException: Cannot invoke "org.openqa.selenium.WebElement.sendKeys(java.lang.CharSequence[])" because "this.SearchBoxField" is null
	at pageobjects.HomePO.EnterProductNameInSearchField(HomePO.java:64)
	at stepdefinations.homepage.user_enters_product_name_in_search_field(homepage.java:40)
	at ✽.User enters product name "T-Shirt" in search field(file:///C:/Users/visit/eclipse-workspace/AmazonCucumberProject/src/test/java/feature/product-search.feature:5)
]]>
</failure>
<system-out><![CDATA[
When User enters product name "T-Shirt" in search field.....................failed
And User click on search button.............................................skipped
Then the search page should display the search results......................skipped
When the user selects the T-Shirt from the search results and adds it to the cart.skipped
Then the T-Shirt should be successfully added to the cart...................skipped
When User clicks on go to cart button after adding T-shirt..................skipped
Then shopping cart page should dispalyed with added product.................skipped
]]></system-out>
</testcase>
<testcase classname="product-search" name="verify functionality of adding item to the cart" time="90.901">
<failure type="java.lang.NullPointerException" message="Cannot invoke &quot;org.openqa.selenium.WebElement.click()&quot; because &quot;this.HomeButton&quot; is null">
<![CDATA[java.lang.NullPointerException: Cannot invoke "org.openqa.selenium.WebElement.click()" because "this.HomeButton" is null
	at pageobjects.HomePO.ClickOnHomeButton(HomePO.java:74)
	at stepdefinations.Shoppingcart.user_clicks_on_home_button(Shoppingcart.java:20)
	at ✽.User clicks on home button(file:///C:/Users/visit/eclipse-workspace/AmazonCucumberProject/src/test/java/feature/shopping-cart.feature:4)
]]>
</failure>
<system-out><![CDATA[
When User clicks on home button.............................................failed
And User click on bed furniture button......................................skipped
Then the search page should display the search results......................skipped
When the user selects the furniture from the search results and adds it to the cart.skipped
Then the bed-furniture should be successfully added to the cart.............skipped
When User clicks on go to cart button.......................................skipped
Then shopping cart page should dispalyed with added product.................skipped
]]></system-out>
</testcase>
<testcase classname="product-search" name="verify functionality of removing item to the cart" time="10.222">
<failure type="org.openqa.selenium.WebDriverException" message="disconnected: Unable to receive message from renderer
  (failed to check if window was closed: disconnected: not connected to DevTools)
  (Session info: chrome=115.0.5790.110)
Build info: version: '4.9.1', revision: 'eb2032df7f'
System info: os.name: 'Windows 11', os.arch: 'amd64', os.version: '10.0', java.version: '17.0.7'
Driver info: org.openqa.selenium.chrome.ChromeDriver
Command: [f56922cad1fff2b44f3a154bc1feeb71, get {url=https://www.amazon.ca/}]
Capabilities {acceptInsecureCerts: false, browserName: chrome, browserVersion: 115.0.5790.110, chrome: {chromedriverVersion: 114.0.5735.90 (386bc09e8f4f..., userDataDir: C:\Users\visit\AppData\Loca...}, goog:chromeOptions: {debuggerAddress: localhost:56901}, networkConnectionEnabled: false, pageLoadStrategy: normal, platformName: windows, proxy: Proxy(), se:cdp: ws://localhost:56901/devtoo..., se:cdpVersion: 115.0.5790.110, setWindowRect: true, strictFileInteractability: false, timeouts: {implicit: 0, pageLoad: 300000, script: 30000}, unhandledPromptBehavior: dismiss and notify, webauthn:extension:credBlob: true, webauthn:extension:largeBlob: true, webauthn:extension:minPinLength: true, webauthn:extension:prf: true, webauthn:virtualAuthenticators: true}
Session ID: f56922cad1fff2b44f3a154bc1feeb71">
<![CDATA[org.openqa.selenium.WebDriverException: disconnected: Unable to receive message from renderer
  (failed to check if window was closed: disconnected: not connected to DevTools)
  (Session info: chrome=115.0.5790.110)
Build info: version: '4.9.1', revision: 'eb2032df7f'
System info: os.name: 'Windows 11', os.arch: 'amd64', os.version: '10.0', java.version: '17.0.7'
Driver info: org.openqa.selenium.chrome.ChromeDriver
Command: [f56922cad1fff2b44f3a154bc1feeb71, get {url=https://www.amazon.ca/}]
Capabilities {acceptInsecureCerts: false, browserName: chrome, browserVersion: 115.0.5790.110, chrome: {chromedriverVersion: 114.0.5735.90 (386bc09e8f4f..., userDataDir: C:\Users\visit\AppData\Loca...}, goog:chromeOptions: {debuggerAddress: localhost:56901}, networkConnectionEnabled: false, pageLoadStrategy: normal, platformName: windows, proxy: Proxy(), se:cdp: ws://localhost:56901/devtoo..., se:cdpVersion: 115.0.5790.110, setWindowRect: true, strictFileInteractability: false, timeouts: {implicit: 0, pageLoad: 300000, script: 30000}, unhandledPromptBehavior: dismiss and notify, webauthn:extension:credBlob: true, webauthn:extension:largeBlob: true, webauthn:extension:minPinLength: true, webauthn:extension:prf: true, webauthn:virtualAuthenticators: true}
Session ID: f56922cad1fff2b44f3a154bc1feeb71
	at java.base/jdk.internal.reflect.NativeConstructorAccessorImpl.newInstance0(Native Method)
	at java.base/jdk.internal.reflect.NativeConstructorAccessorImpl.newInstance(NativeConstructorAccessorImpl.java:77)
	at java.base/jdk.internal.reflect.DelegatingConstructorAccessorImpl.newInstance(DelegatingConstructorAccessorImpl.java:45)
	at java.base/java.lang.reflect.Constructor.newInstanceWithCaller(Constructor.java:499)
	at java.base/java.lang.reflect.Constructor.newInstance(Constructor.java:480)
	at org.openqa.selenium.remote.codec.w3c.W3CHttpResponseCodec.createException(W3CHttpResponseCodec.java:200)
	at org.openqa.selenium.remote.codec.w3c.W3CHttpResponseCodec.decode(W3CHttpResponseCodec.java:133)
	at org.openqa.selenium.remote.codec.w3c.W3CHttpResponseCodec.decode(W3CHttpResponseCodec.java:53)
	at org.openqa.selenium.remote.HttpCommandExecutor.execute(HttpCommandExecutor.java:193)
	at org.openqa.selenium.remote.service.DriverCommandExecutor.invokeExecute(DriverCommandExecutor.java:183)
	at org.openqa.selenium.remote.service.DriverCommandExecutor.execute(DriverCommandExecutor.java:158)
	at org.openqa.selenium.remote.RemoteWebDriver.execute(RemoteWebDriver.java:543)
	at org.openqa.selenium.remote.RemoteWebDriver.get(RemoteWebDriver.java:297)
	at base.Base.initializeBrowserAndOpenApplicationURL(Base.java:63)
	at hooks.Hooks.setup(Hooks.java:15)
]]>
</failure>
<system-out><![CDATA[
When User clicks on home button.............................................skipped
And User click on bed furniture button......................................skipped
Then the search page should display the search results......................skipped
When the user selects the furniture from the search results and adds it to the cart.skipped
Then the bed-furniture should be successfully added to the cart.............skipped
When User clicks on go to cart button.......................................skipped
Then shopping cart page should dispalyed with added product.................skipped
When User clicks on remove product button...................................skipped
Then product should removed from cart.......................................skipped
And cart should empty.......................................................skipped
]]></system-out>
</testcase>
<testcase classname="product-search" name="verify functionality of adding multiple item to the cart" time="98.196">
<failure type="org.openqa.selenium.WebDriverException" message="disconnected: Unable to receive message from renderer
  (failed to check if window was closed: disconnected: not connected to DevTools)
  (Session info: chrome=115.0.5790.110)
Build info: version: '4.9.1', revision: 'eb2032df7f'
System info: os.name: 'Windows 11', os.arch: 'amd64', os.version: '10.0', java.version: '17.0.7'
Driver info: org.openqa.selenium.chrome.ChromeDriver
Command: [17a54fe268dffb138b8d6a5473f904b6, get {url=https://www.amazon.ca/}]
Capabilities {acceptInsecureCerts: false, browserName: chrome, browserVersion: 115.0.5790.110, chrome: {chromedriverVersion: 114.0.5735.90 (386bc09e8f4f..., userDataDir: C:\Users\visit\AppData\Loca...}, goog:chromeOptions: {debuggerAddress: localhost:56961}, networkConnectionEnabled: false, pageLoadStrategy: normal, platformName: windows, proxy: Proxy(), se:cdp: ws://localhost:56961/devtoo..., se:cdpVersion: 115.0.5790.110, setWindowRect: true, strictFileInteractability: false, timeouts: {implicit: 0, pageLoad: 300000, script: 30000}, unhandledPromptBehavior: dismiss and notify, webauthn:extension:credBlob: true, webauthn:extension:largeBlob: true, webauthn:extension:minPinLength: true, webauthn:extension:prf: true, webauthn:virtualAuthenticators: true}
Session ID: 17a54fe268dffb138b8d6a5473f904b6">
<![CDATA[org.openqa.selenium.WebDriverException: disconnected: Unable to receive message from renderer
  (failed to check if window was closed: disconnected: not connected to DevTools)
  (Session info: chrome=115.0.5790.110)
Build info: version: '4.9.1', revision: 'eb2032df7f'
System info: os.name: 'Windows 11', os.arch: 'amd64', os.version: '10.0', java.version: '17.0.7'
Driver info: org.openqa.selenium.chrome.ChromeDriver
Command: [17a54fe268dffb138b8d6a5473f904b6, get {url=https://www.amazon.ca/}]
Capabilities {acceptInsecureCerts: false, browserName: chrome, browserVersion: 115.0.5790.110, chrome: {chromedriverVersion: 114.0.5735.90 (386bc09e8f4f..., userDataDir: C:\Users\visit\AppData\Loca...}, goog:chromeOptions: {debuggerAddress: localhost:56961}, networkConnectionEnabled: false, pageLoadStrategy: normal, platformName: windows, proxy: Proxy(), se:cdp: ws://localhost:56961/devtoo..., se:cdpVersion: 115.0.5790.110, setWindowRect: true, strictFileInteractability: false, timeouts: {implicit: 0, pageLoad: 300000, script: 30000}, unhandledPromptBehavior: dismiss and notify, webauthn:extension:credBlob: true, webauthn:extension:largeBlob: true, webauthn:extension:minPinLength: true, webauthn:extension:prf: true, webauthn:virtualAuthenticators: true}
Session ID: 17a54fe268dffb138b8d6a5473f904b6
	at java.base/jdk.internal.reflect.NativeConstructorAccessorImpl.newInstance0(Native Method)
	at java.base/jdk.internal.reflect.NativeConstructorAccessorImpl.newInstance(NativeConstructorAccessorImpl.java:77)
	at java.base/jdk.internal.reflect.DelegatingConstructorAccessorImpl.newInstance(DelegatingConstructorAccessorImpl.java:45)
	at java.base/java.lang.reflect.Constructor.newInstanceWithCaller(Constructor.java:499)
	at java.base/java.lang.reflect.Constructor.newInstance(Constructor.java:480)
	at org.openqa.selenium.remote.codec.w3c.W3CHttpResponseCodec.createException(W3CHttpResponseCodec.java:200)
	at org.openqa.selenium.remote.codec.w3c.W3CHttpResponseCodec.decode(W3CHttpResponseCodec.java:133)
	at org.openqa.selenium.remote.codec.w3c.W3CHttpResponseCodec.decode(W3CHttpResponseCodec.java:53)
	at org.openqa.selenium.remote.HttpCommandExecutor.execute(HttpCommandExecutor.java:193)
	at org.openqa.selenium.remote.service.DriverCommandExecutor.invokeExecute(DriverCommandExecutor.java:183)
	at org.openqa.selenium.remote.service.DriverCommandExecutor.execute(DriverCommandExecutor.java:158)
	at org.openqa.selenium.remote.RemoteWebDriver.execute(RemoteWebDriver.java:543)
	at org.openqa.selenium.remote.RemoteWebDriver.get(RemoteWebDriver.java:297)
	at base.Base.initializeBrowserAndOpenApplicationURL(Base.java:63)
	at hooks.Hooks.setup(Hooks.java:15)
]]>
</failure>
<system-out><![CDATA[
When User clicks on home button.............................................skipped
And User click on bed furniture button......................................skipped
Then the search page should display the search results......................skipped
When the user selects the furniture from the search results and adds it to the cart.skipped
Then the bed-furniture should be successfully added to the cart.............skipped
And User selects another furniture product from the search results and adds it to the cart.skipped
When User clicks on go to cart button.......................................skipped
Then shopping cart page should dispalyed with added products................skipped
]]></system-out>
</testcase>
</testsuite>
